Building DAG of jobs...
Using shell: /usr/bin/bash
Provided cluster nodes: 999
Unlimited resources: mem, time
Job counts:
	count	jobs
	1	cdhit
	1	combine
	1	parse_clusters
	1	prodigal
	4

localrule combine:
    output: all_samples.fasta
    jobid: 3
    resources: mem=1, time=1

Finished job 3.
1 of 4 steps (25%) done

rule prodigal:
    input: all_samples.fasta
    output: prodigal/all_samples.faa, prodigal/all_samples.gff
    jobid: 1
    resources: mem=8, time=1

Submitted job 1 with external jobid '4079550'.
Finished job 1.
2 of 4 steps (50%) done

rule cdhit:
    input: prodigal/all_samples.faa
    output: cdhit/all_samples.faa.clstr
    jobid: 2
    resources: mem=8, time=1

Submitted job 2 with external jobid '4079551'.
Finished job 2.
3 of 4 steps (75%) done

rule parse_clusters:
    input: cdhit/all_samples.faa.clstr, prodigal/all_samples.gff
    output: all_samples.genes
    jobid: 0
    resources: mem=1, time=1

Submitted job 0 with external jobid '4079552'.
    Error in rule parse_clusters:
        jobid: 0
        output: all_samples.genes

Trying to restart job 0.

rule parse_clusters:
    input: cdhit/all_samples.faa.clstr, prodigal/all_samples.gff
    output: all_samples.genes
    jobid: 0
    resources: mem=1, time=1

Submitted job 0 with external jobid '4079553'.
    Error in rule parse_clusters:
        jobid: 0
        output: all_samples.genes

Trying to restart job 0.

rule parse_clusters:
    input: cdhit/all_samples.faa.clstr, prodigal/all_samples.gff
    output: all_samples.genes
    jobid: 0
    resources: mem=1, time=1

Submitted job 0 with external jobid '4079554'.
    Error in rule parse_clusters:
        jobid: 0
        output: all_samples.genes

Trying to restart job 0.

rule parse_clusters:
    input: cdhit/all_samples.faa.clstr, prodigal/all_samples.gff
    output: all_samples.genes
    jobid: 0
    resources: mem=1, time=1

Submitted job 0 with external jobid '4079556'.
    Error in rule parse_clusters:
        jobid: 0
        output: all_samples.genes

Shutting down, this might take some time.
Exiting because a job execution failed. Look above for error message
Complete log: /labs/asbhatt/fiona/tools/annotate_crassphage/.snakemake/log/2018-09-17T181107.333929.snakemake.log
