Building DAG of jobs...
Using shell: /usr/bin/bash
Provided cluster nodes: 999
Unlimited resources: time, mem
Job counts:
	count	jobs
	1	cdhit
	1	parse_clusters
	1	prodigal
	3

rule prodigal:
    input: all_samples.fasta
    output: prodigal/all_samples.faa, prodigal/all_samples.gff
    jobid: 1
    resources: mem=8, time=1

Submitted job 1 with external jobid '4079558'.
Finished job 1.
1 of 3 steps (33%) done

rule cdhit:
    input: prodigal/all_samples.faa
    output: cdhit/all_samples.faa.clstr
    jobid: 2
    resources: mem=8, time=1

Submitted job 2 with external jobid '4079559'.
Finished job 2.
2 of 3 steps (67%) done

rule parse_clusters:
    input: cdhit/all_samples.faa.clstr, prodigal/all_samples.gff
    output: all_samples.genes
    jobid: 0
    resources: mem=1, time=1

Submitted job 0 with external jobid '4079560'.
Finished job 0.
3 of 3 steps (100%) done
Complete log: /labs/asbhatt/fiona/tools/annotate_crassphage/.snakemake/log/2018-09-17T182232.472903.snakemake.log
